Flutter crash report.
Please report a bug at https://github.com/flutter/flutter/issues.

## command

flutter run -d chrome

## exception

ShaderCompilerException: ShaderCompilerException: Shader compilation of "C:\Users\seori\Desktop\해커톤\flutter\packages\flutter\lib\src\material\shaders\ink_sparkle.frag" to "build\flutter_assets\shaders/ink_sparkle.frag" failed with exit code -1073741819.
impellerc stdout:

impellerc stderr:




```
#0      ShaderCompiler.compileShader (package:flutter_tools/src/build_system/tools/shader_compiler.dart:196:9)
<asynchronous suspension>
#1      writeBundle.<anonymous closure> (package:flutter_tools/src/bundle_builder.dart:214:25)
<asynchronous suspension>
#2      Future.wait.<anonymous closure> (dart:async/future.dart:525:21)
<asynchronous suspension>
#3      writeBundle (package:flutter_tools/src/bundle_builder.dart:177:3)
<asynchronous suspension>
#4      WebDevFS.update (package:flutter_tools/src/isolated/devfs_web.dart:348:9)
<asynchronous suspension>
#5      ResidentWebRunner._updateDevFS (package:flutter_tools/src/isolated/resident_web_runner.dart:762:35)
<asynchronous suspension>
#6      ResidentWebRunner.run.<anonymous closure> (package:flutter_tools/src/isolated/resident_web_runner.dart:360:41)
<asynchronous suspension>
#7      asyncGuard.<anonymous closure> (package:flutter_tools/src/base/async_guard.dart:108:24)
<asynchronous suspension>
```

## flutter doctor

```
[32m[✓][39m Flutter (Channel stable, 3.35.7, on Microsoft Windows
    [Version 10.0.26100.6899], locale ko-KR) [340ms]
    [32m•[39m Flutter version 3.35.7 on channel stable at
      C:\Users\seori\Desktop\해커톤\flutter
    [32m•[39m Upstream repository
      https://github.com/flutter/flutter.git
    [32m•[39m Framework revision adc9010625 (2 weeks ago),
      2025-10-21 14:16:03 -0400
    [32m•[39m Engine revision 035316565a
    [32m•[39m Dart version 3.9.2
    [32m•[39m DevTools version 2.48.0
    [32m•[39m Feature flags: enable-web, enable-linux-desktop,
      enable-macos-desktop, enable-windows-desktop,
      enable-android, enable-ios, cli-animations,
      enable-lldb-debugging

[32m[✓][39m Windows Version (11 Home 64-bit, 24H2, 2009)
    [1,037ms]

[33m[!][39m Android toolchain - develop for Android devices
    (Android SDK version 36.1.0) [373ms]
    [32m•[39m Android SDK at
      C:\Users\seori\AppData\Local\Android\sdk
    [32m•[39m Emulator version 36.2.12.0 (build_id 14214601)
      (CL:N/A)
    [31m✗[39m cmdline-tools component is missing.
      Try installing or updating Android Studio.
      Alternatively, download the tools from
      https://developer.android.com/studio#command-line-t
      ools-only and make sure to set the ANDROID_HOME
      environment variable.
      See
      https://developer.android.com/studio/command-line
      for more details.
    [31m✗[39m Android license status unknown.
      Run `flutter doctor --android-licenses` to accept
      the SDK licenses.
      See https://flutter.dev/to/windows-android-setup
      for more details.

[32m[✓][39m Chrome - develop for the web [176ms]
    [32m•[39m Chrome at C:\Program
      Files\Google\Chrome\Application\chrome.exe

[33m[!][39m Visual Studio - develop Windows apps (Visual Studio
    Community 2022 17.9.7) [176ms]
    [32m•[39m Visual Studio at C:\Program Files\Microsoft Visual
      Studio\2022\Community
    [32m•[39m Visual Studio Community 2022 version 17.9.34902.65
    [32m•[39m Windows 10 SDK version 10.0.22621.0
    [31m✗[39m The current Visual Studio installation is
      incomplete.
      Please use Visual Studio Installer to complete the
      installation or reinstall Visual Studio.

[32m[✓][39m Android Studio (version 2025.2.1) [4ms]
    [32m•[39m Android Studio at C:\Program Files\Android\Android
      Studio
    [32m•[39m Flutter plugin can be installed from:
      🔨
      https://plugins.jetbrains.com/plugin/9212-flutter
    [32m•[39m Dart plugin can be installed from:
      🔨 https://plugins.jetbrains.com/plugin/6351-dart
    [32m•[39m Java version OpenJDK Runtime Environment (build
      21.0.8+-14196175-b1038.72)

[32m[✓][39m IntelliJ IDEA Community Edition (version 2025.1)
    [3ms]
    [32m•[39m IntelliJ at C:\Program Files\JetBrains\IntelliJ
      IDEA Community Edition 2025.1.3
    [32m•[39m Flutter plugin can be installed from:
      🔨
      https://plugins.jetbrains.com/plugin/9212-flutter
    [32m•[39m Dart plugin can be installed from:
      🔨 https://plugins.jetbrains.com/plugin/6351-dart

[32m[✓][39m IntelliJ IDEA Ultimate Edition (version 2025.1) [2ms]
    [32m•[39m IntelliJ at C:\Program Files\Intel\IntelliJ IDEA
      2025.1.3
    [32m•[39m Flutter plugin can be installed from:
      🔨
      https://plugins.jetbrains.com/plugin/9212-flutter
    [32m•[39m Dart plugin can be installed from:
      🔨 https://plugins.jetbrains.com/plugin/6351-dart

[32m[✓][39m VS Code (version 1.105.1) [2ms]
    [32m•[39m VS Code at
      C:\Users\seori\AppData\Local\Programs\Microsoft VS
      Code
    [32m•[39m Flutter extension version 3.122.0

[32m[✓][39m Connected device (3 available) [119ms]
    [32m•[39m Windows (desktop) • windows • windows-x64    •
      Microsoft Windows [Version 10.0.26100.6899]
    [32m•[39m Chrome (web)      • chrome  • web-javascript •
      Google Chrome 140.0.7339.41
    [32m•[39m Edge (web)        • edge    • web-javascript •
      Microsoft Edge 142.0.3595.53

[32m[✓][39m Network resources [602ms]
    [32m•[39m All expected network resources are available.

[33m![39m Doctor found issues in 2 categories.
```
